(cd src/ ; make -i -f Makefile all \
"CF      = pgf90" \
"FFLAGS  = -byteswapio " \
"FFLAGS2 = -byteswapio " \
"CCFLAGS = -DLITTLE -DUNDERSCORE -c" \
        "LDFLAGS = " \
"LIBS    = -L/usr/local/ncarg/lib -lncarg -lcgm -lncarg_gks -lncarg_c -L/usr/X11R6/lib -lX11 -L/linux86/lib -lpgftnrtl -lpgc -L/usr/lib -lf2c" )
make[1]: Entering directory `/sharp/ahijevyc/RIP4/src'
pgf90 -byteswapio  -o ripdp_wrf  -L/usr/local/lib  -I/usr/local/include ripdp_wrf.f \
	-lnetcdf
/tmp/pgf90caaaarClae.o(.text+0x6ea): In function `MAIN_':
: undefined reference to `nf_open_'
/tmp/pgf90caaaarClae.o(.text+0x76b): In function `MAIN_':
: undefined reference to `nf_get_att_text_'
/tmp/pgf90caaaarClae.o(.text+0x8b2): In function `MAIN_':
: undefined reference to `nf_inq_dimid_'
/tmp/pgf90caaaarClae.o(.text+0x8ec): In function `MAIN_':
: undefined reference to `nf_inq_dimlen_'
/tmp/pgf90caaaarClae.o(.text+0x92c): In function `MAIN_':
: undefined reference to `nf_inq_dimid_'
/tmp/pgf90caaaarClae.o(.text+0x963): In function `MAIN_':
: undefined reference to `nf_inq_dimlen_'
/tmp/pgf90caaaarClae.o(.text+0x9a3): In function `MAIN_':
: undefined reference to `nf_inq_dimid_'
/tmp/pgf90caaaarClae.o(.text+0x9da): In function `MAIN_':
: undefined reference to `nf_inq_dimlen_'
/tmp/pgf90caaaarClae.o(.text+0x9ff): In function `MAIN_':
: undefined reference to `nf_close_'
/tmp/pgf90caaaarClae.o(.text+0xa76): In function `MAIN_':
: undefined reference to `nf_open_'
/tmp/pgf90caaaarClae.o(.text+0xab9): In function `MAIN_':
: undefined reference to `nf_inq_dimid_'
/tmp/pgf90caaaarClae.o(.text+0xaf0): In function `MAIN_':
: undefined reference to `nf_inq_dimlen_'
/tmp/pgf90caaaarClae.o(.text+0xb32): In function `MAIN_':
: undefined reference to `nf_close_'
/tmp/pgf90caaaarClae.o(.text+0x325a): In function `process_':
: undefined reference to `nf_open_'
/tmp/pgf90caaaarClae.o(.text+0x329d): In function `process_':
: undefined reference to `nf_inq_dimid_'
/tmp/pgf90caaaarClae.o(.text+0x32d4): In function `process_':
: undefined reference to `nf_inq_dimlen_'
/tmp/pgf90caaaarClae.o(.text+0x331d): In function `process_':
: undefined reference to `nf_inq_'
/tmp/pgf90caaaarClae.o(.text+0x338c): In function `process_':
: undefined reference to `nf_inq_dimid_'
/tmp/pgf90caaaarClae.o(.text+0x33cf): In function `process_':
: undefined reference to `nf_inq_dimid_'
/tmp/pgf90caaaarClae.o(.text+0x340f): In function `process_':
: undefined reference to `nf_inq_dimid_'
/tmp/pgf90caaaarClae.o(.text+0x344f): In function `process_':
: undefined reference to `nf_inq_dimid_'
/tmp/pgf90caaaarClae.o(.text+0x348f): In function `process_':
: undefined reference to `nf_inq_dimid_'
/tmp/pgf90caaaarClae.o(.text+0x34cf): In function `process_':
: undefined reference to `nf_inq_varid_'
/tmp/pgf90caaaarClae.o(.text+0x351e): In function `process_':
: undefined reference to `nf_get_var_text_'
/tmp/pgf90caaaarClae.o(.text+0x356b): In function `process_':
: undefined reference to `nf_get_att_text_'
/tmp/pgf90caaaarClae.o(.text+0x37b3): In function `process_':
: undefined reference to `nf_inq_varid_'
/tmp/pgf90caaaarClae.o(.text+0x37f4): In function `process_':
: undefined reference to `nf_get_var_real_'
/tmp/pgf90caaaarClae.o(.text+0x38ac): In function `process_':
: undefined reference to `nf_inq_varid_'
/tmp/pgf90caaaarClae.o(.text+0x38f5): In function `process_':
: undefined reference to `nf_get_var_real_'
/tmp/pgf90caaaarClae.o(.text+0x3b13): In function `process_':
: undefined reference to `nf_inq_dimid_'
/tmp/pgf90caaaarClae.o(.text+0x3b48): In function `process_':
: undefined reference to `nf_inq_dimlen_'
/tmp/pgf90caaaarClae.o(.text+0x3bbb): In function `process_':
: undefined reference to `nf_get_att_int_'
/tmp/pgf90caaaarClae.o(.text+0x3c06): In function `process_':
: undefined reference to `nf_get_att_int_'
/tmp/pgf90caaaarClae.o(.text+0x3c56): In function `process_':
: undefined reference to `nf_get_att_real_'
/tmp/pgf90caaaarClae.o(.text+0x3ca8): In function `process_':
: undefined reference to `nf_get_att_real_'
/tmp/pgf90caaaarClae.o(.text+0x3cf3): In function `process_':
: undefined reference to `nf_get_att_real_'
/tmp/pgf90caaaarClae.o(.text+0x3d43): In function `process_':
: undefined reference to `nf_get_att_int_'
/tmp/pgf90caaaarClae.o(.text+0x3ea6): In function `process_':
: undefined reference to `nf_get_att_real_'
/tmp/pgf90caaaarClae.o(.text+0x3ef5): In function `process_':
: undefined reference to `nf_get_att_real_'
/tmp/pgf90caaaarClae.o(.text+0x41c1): In function `process_':
: undefined reference to `nf_get_att_text_'
/tmp/pgf90caaaarClae.o(.text+0x4310): In function `process_':
: undefined reference to `nf_inq_varname_'
/tmp/pgf90caaaarClae.o(.text+0x44f7): In function `process_':
: undefined reference to `nf_get_att_text_'
/tmp/pgf90caaaarClae.o(.text+0x45fb): In function `process_':
: undefined reference to `nf_get_att_int_'
/tmp/pgf90caaaarClae.o(.text+0x4724): In function `process_':
: undefined reference to `nf_get_att_int_'
/tmp/pgf90caaaarClae.o(.text+0x481f): In function `process_':
: undefined reference to `nf_get_att_int_'
/tmp/pgf90caaaarClae.o(.text+0x4e6c): In function `process_':
: undefined reference to `nf_get_att_real_'
/tmp/pgf90caaaarClae.o(.text+0x5949): In function `process_':
: undefined reference to `nf_inq_varid_'
/tmp/pgf90caaaarClae.o(.text+0x599f): In function `process_':
: undefined reference to `nf_get_vara_real_'
/tmp/pgf90caaaarClae.o(.text+0x5a6f): In function `process_':
: undefined reference to `nf_inq_varid_'
/tmp/pgf90caaaarClae.o(.text+0x5aca): In function `process_':
: undefined reference to `nf_get_vara_real_'
/tmp/pgf90caaaarClae.o(.text+0x6545): In function `process_':
: undefined reference to `nf_inq_varid_'
/tmp/pgf90caaaarClae.o(.text+0x659b): In function `process_':
: undefined reference to `nf_get_vara_real_'
/tmp/pgf90caaaarClae.o(.text+0x6846): In function `process_':
: undefined reference to `nf_inq_varid_'
/tmp/pgf90caaaarClae.o(.text+0x68a1): In function `process_':
: undefined reference to `nf_get_vara_real_'
/tmp/pgf90caaaarClae.o(.text+0x6b4c): In function `process_':
: undefined reference to `nf_inq_varid_'
/tmp/pgf90caaaarClae.o(.text+0x6ba7): In function `process_':
: undefined reference to `nf_get_vara_real_'
/tmp/pgf90caaaarClae.o(.text+0x6cea): In function `process_':
: undefined reference to `nf_inq_varid_'
/tmp/pgf90caaaarClae.o(.text+0x6d45): In function `process_':
: undefined reference to `nf_get_vara_real_'
/tmp/pgf90caaaarClae.o(.text+0x6fc8): In function `process_':
: undefined reference to `nf_inq_varid_'
/tmp/pgf90caaaarClae.o(.text+0x70d9): In function `process_':
: undefined reference to `nf_get_vara_real_'
/tmp/pgf90caaaarClae.o(.text+0x7359): In function `process_':
: undefined reference to `nf_inq_varid_'
/tmp/pgf90caaaarClae.o(.text+0x73b4): In function `process_':
: undefined reference to `nf_get_vara_real_'
/tmp/pgf90caaaarClae.o(.text+0x76b5): In function `process_':
: undefined reference to `nf_inq_varid_'
/tmp/pgf90caaaarClae.o(.text+0x7710): In function `process_':
: undefined reference to `nf_get_vara_real_'
/tmp/pgf90caaaarClae.o(.text+0x7859): In function `process_':
: undefined reference to `nf_inq_varid_'
/tmp/pgf90caaaarClae.o(.text+0x78b4): In function `process_':
: undefined reference to `nf_get_vara_real_'
/tmp/pgf90caaaarClae.o(.text+0x7ca6): In function `process_':
: undefined reference to `nf_inq_varid_'
/tmp/pgf90caaaarClae.o(.text+0x7d01): In function `process_':
: undefined reference to `nf_get_vara_real_'
/tmp/pgf90caaaarClae.o(.text+0x80c1): In function `process_':
: undefined reference to `nf_inq_varid_'
/tmp/pgf90caaaarClae.o(.text+0x811c): In function `process_':
: undefined reference to `nf_get_vara_real_'
/tmp/pgf90caaaarClae.o(.text+0x85d6): In function `process_':
: undefined reference to `nf_inq_varid_'
/tmp/pgf90caaaarClae.o(.text+0x8631): In function `process_':
: undefined reference to `nf_get_vara_real_'
/tmp/pgf90caaaarClae.o(.text+0x89f3): In function `process_':
: undefined reference to `nf_inq_varid_'
/tmp/pgf90caaaarClae.o(.text+0x8a49): In function `process_':
: undefined reference to `nf_get_vara_real_'
/tmp/pgf90caaaarClae.o(.text+0x8e94): In function `process_':
: undefined reference to `nf_inq_varid_'
/tmp/pgf90caaaarClae.o(.text+0x8eea): In function `process_':
: undefined reference to `nf_get_vara_real_'
/tmp/pgf90caaaarClae.o(.text+0x90f1): In function `process_':
: undefined reference to `nf_inq_varid_'
/tmp/pgf90caaaarClae.o(.text+0x914c): In function `process_':
: undefined reference to `nf_get_vara_real_'
/tmp/pgf90caaaarClae.o(.text+0x9358): In function `process_':
: undefined reference to `nf_inq_varid_'
/tmp/pgf90caaaarClae.o(.text+0x93b3): In function `process_':
: undefined reference to `nf_get_vara_real_'
/tmp/pgf90caaaarClae.o(.text+0x95ba): In function `process_':
: undefined reference to `nf_inq_varid_'
/tmp/pgf90caaaarClae.o(.text+0x9615): In function `process_':
: undefined reference to `nf_get_vara_real_'
/tmp/pgf90caaaarClae.o(.text+0x98ab): In function `process_':
: undefined reference to `nf_inq_varid_'
/tmp/pgf90caaaarClae.o(.text+0x9985): In function `process_':
: undefined reference to `nf_get_vara_real_'
/tmp/pgf90caaaarClae.o(.text+0x9c05): In function `process_':
: undefined reference to `nf_inq_varid_'
/tmp/pgf90caaaarClae.o(.text+0x9ce4): In function `process_':
: undefined reference to `nf_get_vara_real_'
/tmp/pgf90caaaarClae.o(.text+0x9f64): In function `process_':
: undefined reference to `nf_inq_varid_'
/tmp/pgf90caaaarClae.o(.text+0xa043): In function `process_':
: undefined reference to `nf_get_vara_real_'
/tmp/pgf90caaaarClae.o(.text+0xa2c3): In function `process_':
: undefined reference to `nf_inq_varid_'
/tmp/pgf90caaaarClae.o(.text+0xa3a2): In function `process_':
: undefined reference to `nf_get_vara_real_'
/tmp/pgf90caaaarClae.o(.text+0xa622): In function `process_':
: undefined reference to `nf_inq_varid_'
/tmp/pgf90caaaarClae.o(.text+0xa701): In function `process_':
: undefined reference to `nf_get_vara_real_'
/tmp/pgf90caaaarClae.o(.text+0xaa6d): In function `process_':
: undefined reference to `nf_inq_varname_'
/tmp/pgf90caaaarClae.o(.text+0xabcd): In function `process_':
: undefined reference to `nf_inq_varndims_'
/tmp/pgf90caaaarClae.o(.text+0xac02): In function `process_':
: undefined reference to `nf_inq_vardimid_'
/tmp/pgf90caaaarClae.o(.text+0xae2d): In function `process_':
: undefined reference to `nf_get_att_text_'
/tmp/pgf90caaaarClae.o(.text+0xaed0): In function `process_':
: undefined reference to `nf_get_att_text_'
/tmp/pgf90caaaarClae.o(.text+0xaf14): In function `process_':
: undefined reference to `nf_inq_attlen_'
/tmp/pgf90caaaarClae.o(.text+0xafc7): In function `process_':
: undefined reference to `nf_get_vara_real_'
/tmp/pgf90caaaarClae.o(.text+0xb1f5): In function `process_':
: undefined reference to `nf_get_vara_real_'
/tmp/pgf90caaaarClae.o(.text+0xb3be): In function `process_':
: undefined reference to `nf_get_vara_real_'
/tmp/pgf90caaaarClae.o(.text+0xcdae): In function `handle_err_':
: undefined reference to `nf_strerror_'
make[1]: [ripdp_wrf] Error 2 (ignored)
make[1]: Leaving directory `/sharp/ahijevyc/RIP4/src'
( /bin/rm -f rip ripcomp ripdp_mm5 ripdp_wrf ripinterp ripshow showtraj tabdiag upscale ; ln -s src/rip . ; ln -s src/ripdp_mm5 . ; ln -s src/ripdp_wrf . ; ln -s src/ripcomp . ; ln -s src/ripinterp . ; ln -s src/ripshow . ; ln -s src/showtraj . ; ln -s src/tabdiag . ; ln -s src/upscale . )
